<?xml version="1.0" encoding="UTF-8"?>
<!-- Generated by org.testng.reporters.JUnitXMLReporter -->
<testsuite hostname="Nischi" name="RSPTest" tests="2" failures="0" timestamp="30 Sep 2015 15:21:34 GMT" time="0.189" errors="0">
  <testcase name="@BeforeTest checkCaseToRun" time="0.0" classname="com.gmail.GmailPage">
    <skipped/>
  </testcase> <!-- @BeforeTest checkCaseToRun -->
  <testcase name="@AfterMethod reporterDataResults" time="0.0" classname="com.gmail.GmailPage">
    <skipped/>
  </testcase> <!-- @AfterMethod reporterDataResults -->
  <testcase name="@AfterTest closeBrowser" time="0.0" classname="com.gmail.GmailPage">
    <skipped/>
  </testcase> <!-- @AfterTest closeBrowser -->
  <testcase name="LaunchPortal" time="0.004" classname="com.gmail.GmailPage">
    <skipped/>
  </testcase> <!-- LaunchPortal -->
  <testcase name="testCompanyProfile" time="0.0" classname="com.gmail.GmailPage">
    <skipped/>
  </testcase> <!-- testCompanyProfile -->
</testsuite> <!-- RSPTest -->
