<?xml version="1.0" encoding="UTF-8"?>
<!-- Generated by org.testng.reporters.JUnitXMLReporter -->
<testsuite hostname="AMUTTANA-WS02" name="SuiteOneCaseTwo" tests="2" failures="2" timestamp="14 Aug 2015 09:29:46 GMT" time="0.038" errors="0">
  <testcase name="@AfterTest closeBrowser" time="0.0" classname="com.cisco.sep.SuiteOne.SuiteOneCaseTwo">
    <failure type="java.lang.NullPointerException">
      <![CDATA[java.lang.NullPointerException
	at com.cisco.sep.TestSuiteBase.SuiteBase.closeWebBrowser(SuiteBase.java:99)
	at com.cisco.sep.SuiteOne.SuiteOneCaseTwo.closeBrowser(SuiteOneCaseTwo.java:141)
... Removed 22 stack frames]]>
    </failure>
  </testcase> <!-- @AfterTest closeBrowser -->
  <testcase name="SuiteOneCaseTwoTest" time="0.001" classname="com.cisco.sep.SuiteOne.SuiteOneCaseTwo">
    <failure type="java.lang.Error" message="Unresolved compilation problem: 
	Param cannot be resolved
">
      <![CDATA[java.lang.Error: Unresolved compilation problem: 
	Param cannot be resolved

	at com.cisco.sep.SuiteOne.SuiteOneCaseTwo.SuiteOneCaseTwoTest(SuiteOneCaseTwo.java:85)
... Removed 24 stack frames]]>
    </failure>
  </testcase> <!-- SuiteOneCaseTwoTest -->
  <testcase name="SuiteOneCaseTwoTest" time="0.001" classname="com.cisco.sep.SuiteOne.SuiteOneCaseTwo">
    <failure type="java.lang.Error" message="Unresolved compilation problem: 
	Param cannot be resolved
">
      <![CDATA[java.lang.Error: Unresolved compilation problem: 
	Param cannot be resolved

	at com.cisco.sep.SuiteOne.SuiteOneCaseTwo.SuiteOneCaseTwoTest(SuiteOneCaseTwo.java:85)
... Removed 24 stack frames]]>
    </failure>
  </testcase> <!-- SuiteOneCaseTwoTest -->
</testsuite> <!-- SuiteOneCaseTwo -->
