<?xml version="1.0" encoding="UTF-8"?>
<!-- Generated by org.testng.reporters.JUnitXMLReporter -->
<testsuite hostname="AMUTTANA-WS02" name="SuiteOneCaseOne" tests="2" failures="2" timestamp="14 Aug 2015 09:29:46 GMT" time="0.057" errors="0">
  <testcase name="@AfterTest closeBrowser" time="0.0" classname="com.cisco.sep.SuiteOne.SuiteOneCaseOne">
    <failure type="java.lang.NullPointerException">
      <![CDATA[java.lang.NullPointerException
	at com.cisco.sep.TestSuiteBase.SuiteBase.closeWebBrowser(SuiteBase.java:99)
	at com.cisco.sep.SuiteOne.SuiteOneCaseOne.closeBrowser(SuiteOneCaseOne.java:171)
... Removed 22 stack frames]]>
    </failure>
  </testcase> <!-- @AfterTest closeBrowser -->
  <testcase name="SuiteOneCaseOneTest" time="0.004" classname="com.cisco.sep.SuiteOne.SuiteOneCaseOne">
    <failure type="java.lang.Error" message="Unresolved compilation problem: 
	Param cannot be resolved
">
      <![CDATA[java.lang.Error: Unresolved compilation problem: 
	Param cannot be resolved

	at com.cisco.sep.SuiteOne.SuiteOneCaseOne.SuiteOneCaseOneTest(SuiteOneCaseOne.java:91)
... Removed 24 stack frames]]>
    </failure>
  </testcase> <!-- SuiteOneCaseOneTest -->
  <testcase name="SuiteOneCaseOneTest" time="0.0" classname="com.cisco.sep.SuiteOne.SuiteOneCaseOne">
    <failure type="java.lang.Error" message="Unresolved compilation problem: 
	Param cannot be resolved
">
      <![CDATA[java.lang.Error: Unresolved compilation problem: 
	Param cannot be resolved

	at com.cisco.sep.SuiteOne.SuiteOneCaseOne.SuiteOneCaseOneTest(SuiteOneCaseOne.java:91)
... Removed 24 stack frames]]>
    </failure>
  </testcase> <!-- SuiteOneCaseOneTest -->
</testsuite> <!-- SuiteOneCaseOne -->
