<?xml version="1.0" encoding="UTF-8"?>
<!-- Generated by org.testng.reporters.JUnitXMLReporter -->
<testsuite hostname="AMUTTANA-WS02" name="SuiteTwoCaseOne" tests="1" failures="0" timestamp="6 Aug 2015 04:32:30 GMT" time="0.003" errors="0">
  <testcase name="@BeforeTest checkCaseToRun" time="0.0" classname="com.cisco.sep.SuiteTwo.SuiteTwoCaseOne">
    <skipped/>
  </testcase> <!-- @BeforeTest checkCaseToRun -->
  <testcase name="SuiteTwoCaseOneTest" time="0.001" classname="com.cisco.sep.SuiteTwo.SuiteTwoCaseOne">
    <skipped/>
  </testcase> <!-- SuiteTwoCaseOneTest -->
</testsuite> <!-- SuiteTwoCaseOne -->
