<?xml version="1.0" encoding="UTF-8"?>
<!-- Generated by org.testng.reporters.JUnitXMLReporter -->
<testsuite hostname="AMUTTANA-WS02" name="SuiteTwoCaseTwo" tests="1" failures="0" timestamp="6 Aug 2015 04:32:30 GMT" time="0.003" errors="0">
  <testcase name="@BeforeSuite checkSuiteToRun" time="0.0" classname="com.cisco.sep.SuiteOne.SuiteOneCaseTwo">
    <skipped/>
  </testcase> <!-- @BeforeSuite checkSuiteToRun -->
  <testcase name="@BeforeTest checkCaseToRun" time="0.0" classname="com.cisco.sep.SuiteTwo.SuiteTwoCaseTwo">
    <skipped/>
  </testcase> <!-- @BeforeTest checkCaseToRun -->
  <testcase name="SuiteTwoCaseTwoTest" time="0.001" classname="com.cisco.sep.SuiteTwo.SuiteTwoCaseTwo">
    <skipped/>
  </testcase> <!-- SuiteTwoCaseTwoTest -->
</testsuite> <!-- SuiteTwoCaseTwo -->
