<?xml version="1.0" encoding="UTF-8"?>
<!-- Generated by org.testng.reporters.JUnitXMLReporter -->
<testsuite hostname="AMUTTANA-WS02" name="SuiteTwoCaseTwo" tests="2" failures="2" timestamp="6 Aug 2015 10:50:20 GMT" time="14.639" errors="0">
  <testcase name="SuiteTwoCaseTwoTest" time="12.253" classname="com.cisco.sep.SuiteTwo.SuiteTwoCaseTwo">
    <failure type="java.lang.NullPointerException">
      <![CDATA[java.lang.NullPointerException
	at com.cisco.sep.SuiteTwo.SuiteTwoCaseTwo.SuiteTwoCaseTwoTest(SuiteTwoCaseTwo.java:86)
... Removed 25 stack frames]]>
    </failure>
  </testcase> <!-- SuiteTwoCaseTwoTest -->
  <testcase name="SuiteTwoCaseTwoTest" time="0.403" classname="com.cisco.sep.SuiteTwo.SuiteTwoCaseTwo">
    <failure type="java.lang.NullPointerException">
      <![CDATA[java.lang.NullPointerException
	at com.cisco.sep.SuiteTwo.SuiteTwoCaseTwo.SuiteTwoCaseTwoTest(SuiteTwoCaseTwo.java:86)
... Removed 25 stack frames]]>
    </failure>
  </testcase> <!-- SuiteTwoCaseTwoTest -->
</testsuite> <!-- SuiteTwoCaseTwo -->
